  AircraftSimulation.vcxproj -> D:\repos\AircraftSimulation\x64\Debug\AircraftSimulation.exe
  D:\repos\AircraftSimulation\3rd-party\vcpkg\installed\x64-windows\debug\bin\aec.dll
  D:\repos\AircraftSimulation\3rd-party\vcpkg\installed\x64-windows\debug\bin\brotlicommon.dll
  D:\repos\AircraftSimulation\3rd-party\vcpkg\installed\x64-windows\debug\bin\brotlidec.dll
  D:\repos\AircraftSimulation\3rd-party\vcpkg\installed\x64-windows\debug\bin\brotlienc.dll
  D:\repos\AircraftSimulation\3rd-party\vcpkg\installed\x64-windows\debug\bin\bz2d.dll
  D:\repos\AircraftSimulation\3rd-party\vcpkg\installed\x64-windows\debug\bin\charset-1.dll
  D:\repos\AircraftSimulation\3rd-party\vcpkg\installed\x64-windows\debug\bin\ffi-8.dll
  D:\repos\AircraftSimulation\3rd-party\vcpkg\installed\x64-windows\debug\bin\freetyped.dll
  D:\repos\AircraftSimulation\3rd-party\vcpkg\installed\x64-windows\debug\bin\freexl-1.dll
  D:\repos\AircraftSimulation\3rd-party\vcpkg\installed\x64-windows\debug\bin\gdald.dll
  D:\repos\AircraftSimulation\3rd-party\vcpkg\installed\x64-windows\debug\bin\geos.dll
  D:\repos\AircraftSimulation\3rd-party\vcpkg\installed\x64-windows\debug\bin\geos_c.dll
  D:\repos\AircraftSimulation\3rd-party\vcpkg\installed\x64-windows\debug\bin\geotiff_d.dll
  D:\repos\AircraftSimulation\3rd-party\vcpkg\installed\x64-windows\debug\bin\gif.dll
  D:\repos\AircraftSimulation\3rd-party\vcpkg\installed\x64-windows\debug\bin\hdf5_cpp_D.dll
  D:\repos\AircraftSimulation\3rd-party\vcpkg\installed\x64-windows\debug\bin\hdf5_D.dll
  D:\repos\AircraftSimulation\3rd-party\vcpkg\installed\x64-windows\debug\bin\hdf5_hl_cpp_D.dll
  D:\repos\AircraftSimulation\3rd-party\vcpkg\installed\x64-windows\debug\bin\hdf5_hl_D.dll
  D:\repos\AircraftSimulation\3rd-party\vcpkg\installed\x64-windows\debug\bin\iconv-2.dll
  D:\repos\AircraftSimulation\3rd-party\vcpkg\installed\x64-windows\debug\bin\jpeg62.dll
  D:\repos\AircraftSimulation\3rd-party\vcpkg\installed\x64-windows\debug\bin\json-c.dll
  D:\repos\AircraftSimulation\3rd-party\vcpkg\installed\x64-windows\debug\bin\legacy.dll
  D:\repos\AircraftSimulation\3rd-party\vcpkg\installed\x64-windows\debug\bin\Lerc.dll
  D:\repos\AircraftSimulation\3rd-party\vcpkg\installed\x64-windows\debug\bin\libcrypto-3-x64.dll
  D:\repos\AircraftSimulation\3rd-party\vcpkg\installed\x64-windows\debug\bin\libcurl-d.dll
  D:\repos\AircraftSimulation\3rd-party\vcpkg\installed\x64-windows\debug\bin\libecpg.dll
  D:\repos\AircraftSimulation\3rd-party\vcpkg\installed\x64-windows\debug\bin\libecpg_compat.dll
  D:\repos\AircraftSimulation\3rd-party\vcpkg\installed\x64-windows\debug\bin\libexpatd.dll
  D:\repos\AircraftSimulation\3rd-party\vcpkg\installed\x64-windows\debug\bin\liblzma.dll
  D:\repos\AircraftSimulation\3rd-party\vcpkg\installed\x64-windows\debug\bin\libpgtypes.dll
  D:\repos\AircraftSimulation\3rd-party\vcpkg\installed\x64-windows\debug\bin\libpng16d.dll
  D:\repos\AircraftSimulation\3rd-party\vcpkg\installed\x64-windows\debug\bin\libpq.dll
  D:\repos\AircraftSimulation\3rd-party\vcpkg\installed\x64-windows\debug\bin\libsharpyuv.dll
  D:\repos\AircraftSimulation\3rd-party\vcpkg\installed\x64-windows\debug\bin\libssl-3-x64.dll
  D:\repos\AircraftSimulation\3rd-party\vcpkg\installed\x64-windows\debug\bin\libwebp.dll
  D:\repos\AircraftSimulation\3rd-party\vcpkg\installed\x64-windows\debug\bin\libwebpdecoder.dll
  D:\repos\AircraftSimulation\3rd-party\vcpkg\installed\x64-windows\debug\bin\libwebpdemux.dll
  D:\repos\AircraftSimulation\3rd-party\vcpkg\installed\x64-windows\debug\bin\libwebpmux.dll
  D:\repos\AircraftSimulation\3rd-party\vcpkg\installed\x64-windows\debug\bin\libxml2.dll
  D:\repos\AircraftSimulation\3rd-party\vcpkg\installed\x64-windows\debug\bin\lz4d.dll
  D:\repos\AircraftSimulation\3rd-party\vcpkg\installed\x64-windows\debug\bin\minizip.dll
  D:\repos\AircraftSimulation\3rd-party\vcpkg\installed\x64-windows\debug\bin\netcdf.dll
  D:\repos\AircraftSimulation\3rd-party\vcpkg\installed\x64-windows\debug\bin\ogg.dll
  D:\repos\AircraftSimulation\3rd-party\vcpkg\installed\x64-windows\debug\bin\openjp2.dll
  D:\repos\AircraftSimulation\3rd-party\vcpkg\installed\x64-windows\debug\bin\pcre2-16d.dll
  D:\repos\AircraftSimulation\3rd-party\vcpkg\installed\x64-windows\debug\bin\pcre2-32d.dll
  D:\repos\AircraftSimulation\3rd-party\vcpkg\installed\x64-windows\debug\bin\pcre2-8d.dll
  D:\repos\AircraftSimulation\3rd-party\vcpkg\installed\x64-windows\debug\bin\pcre2-posixd.dll
  D:\repos\AircraftSimulation\3rd-party\vcpkg\installed\x64-windows\debug\bin\pkgconf-5.dll
  D:\repos\AircraftSimulation\3rd-party\vcpkg\installed\x64-windows\debug\bin\proj_9_d.dll
  D:\repos\AircraftSimulation\3rd-party\vcpkg\installed\x64-windows\debug\bin\python311_d.dll
  D:\repos\AircraftSimulation\3rd-party\vcpkg\installed\x64-windows\debug\bin\python3_d.dll
  D:\repos\AircraftSimulation\3rd-party\vcpkg\installed\x64-windows\debug\bin\qhull_rd.dll
  D:\repos\AircraftSimulation\3rd-party\vcpkg\installed\x64-windows\debug\bin\SDL2d.dll
  D:\repos\AircraftSimulation\3rd-party\vcpkg\installed\x64-windows\debug\bin\SDL2_imaged.dll
  D:\repos\AircraftSimulation\3rd-party\vcpkg\installed\x64-windows\debug\bin\SDL2_mixerd.dll
  D:\repos\AircraftSimulation\3rd-party\vcpkg\installed\x64-windows\debug\bin\SDL2_netd.dll
  D:\repos\AircraftSimulation\3rd-party\vcpkg\installed\x64-windows\debug\bin\SDL2_ttfd.dll
  D:\repos\AircraftSimulation\3rd-party\vcpkg\installed\x64-windows\debug\bin\spatialite.dll
  D:\repos\AircraftSimulation\3rd-party\vcpkg\installed\x64-windows\debug\bin\sqlite3.dll
  D:\repos\AircraftSimulation\3rd-party\vcpkg\installed\x64-windows\debug\bin\szip.dll
  D:\repos\AircraftSimulation\3rd-party\vcpkg\installed\x64-windows\debug\bin\tiffd.dll
  D:\repos\AircraftSimulation\3rd-party\vcpkg\installed\x64-windows\debug\bin\turbojpeg.dll
  D:\repos\AircraftSimulation\3rd-party\vcpkg\installed\x64-windows\debug\bin\uriparser.dll
  D:\repos\AircraftSimulation\3rd-party\vcpkg\installed\x64-windows\debug\bin\vorbis.dll
  D:\repos\AircraftSimulation\3rd-party\vcpkg\installed\x64-windows\debug\bin\vorbisenc.dll
  D:\repos\AircraftSimulation\3rd-party\vcpkg\installed\x64-windows\debug\bin\vorbisfile.dll
  D:\repos\AircraftSimulation\3rd-party\vcpkg\installed\x64-windows\debug\bin\wavpackdll.dll
  D:\repos\AircraftSimulation\3rd-party\vcpkg\installed\x64-windows\debug\bin\zlibd1.dll
  D:\repos\AircraftSimulation\3rd-party\vcpkg\installed\x64-windows\debug\bin\zstd.dll
  70 File(s) copied
