d:\repos\flightlab\x64\debug\vc143.pdb
d:\repos\flightlab\x64\debug\vc143.idb
d:\repos\flightlab\x64\debug\utils.obj
d:\repos\flightlab\x64\debug\fileloader.obj
d:\repos\flightlab\x64\debug\button.obj
d:\repos\flightlab\x64\debug\simulationobject.obj
d:\repos\flightlab\x64\debug\coordinatesystem.obj
d:\repos\flightlab\x64\debug\radar.obj
d:\repos\flightlab\x64\debug\main.obj
d:\repos\flightlab\x64\debug\simulation.obj
d:\repos\flightlab\x64\debug\rendermanager.obj
d:\repos\flightlab\x64\debug\waypoint.obj
d:\repos\flightlab\x64\debug\missile.obj
d:\repos\flightlab\x64\debug\aircraft.obj
d:\repos\flightlab\x64\debug\flight_lab.obj
d:\repos\flightlab\x64\debug\flightlab.lib
d:\repos\flightlab\x64\debug\flightlab.exp
d:\repos\flightlab\x64\debug\flightlab.ilk
d:\repos\flightlab\x64\debug\aircraft_simulation.obj
d:\repos\flightlab\x64\debug\flightlab.pdb
d:\repos\flightlab\x64\debug\flightlab.vcxproj.filelistabsolute.txt
d:\repos\flightlab\x64\debug\flightlab.tlog\cl.command.1.tlog
d:\repos\flightlab\x64\debug\flightlab.tlog\cl.items.tlog
d:\repos\flightlab\x64\debug\flightlab.tlog\cl.read.1.tlog
d:\repos\flightlab\x64\debug\flightlab.tlog\cl.write.1.tlog
d:\repos\flightlab\x64\debug\flightlab.tlog\link-cvtres.read.1.tlog
d:\repos\flightlab\x64\debug\flightlab.tlog\link-cvtres.write.1.tlog
d:\repos\flightlab\x64\debug\flightlab.tlog\link-rc.read.1.tlog
d:\repos\flightlab\x64\debug\flightlab.tlog\link-rc.write.1.tlog
d:\repos\flightlab\x64\debug\flightlab.tlog\link.8104-cvtres.read.1.tlog
d:\repos\flightlab\x64\debug\flightlab.tlog\link.8104-cvtres.write.1.tlog
d:\repos\flightlab\x64\debug\flightlab.tlog\link.8104-rc.read.1.tlog
d:\repos\flightlab\x64\debug\flightlab.tlog\link.8104-rc.write.1.tlog
d:\repos\flightlab\x64\debug\flightlab.tlog\link.8104.read.1.tlog
d:\repos\flightlab\x64\debug\flightlab.tlog\link.8104.read.2.tlog
d:\repos\flightlab\x64\debug\flightlab.tlog\link.8104.write.1.tlog
d:\repos\flightlab\x64\debug\flightlab.tlog\link.command.1.tlog
d:\repos\flightlab\x64\debug\flightlab.tlog\link.read.1.tlog
d:\repos\flightlab\x64\debug\flightlab.tlog\link.read.2.tlog
d:\repos\flightlab\x64\debug\flightlab.tlog\link.secondary.1.tlog
d:\repos\flightlab\x64\debug\flightlab.tlog\link.write.1.tlog
