c:\users\umar\source\repos\c-python-simulation\htn planner moduler approach\x64\release\vc143.pdb
c:\users\umar\source\repos\c-python-simulation\htn planner moduler approach\x64\release\waypoint.obj
c:\users\umar\source\repos\c-python-simulation\htn planner moduler approach\x64\release\simulationobject.obj
c:\users\umar\source\repos\c-python-simulation\htn planner moduler approach\x64\release\simulation.obj
c:\users\umar\source\repos\c-python-simulation\htn planner moduler approach\x64\release\radar.obj
c:\users\umar\source\repos\c-python-simulation\htn planner moduler approach\x64\release\main.obj
c:\users\umar\source\repos\c-python-simulation\htn planner moduler approach\x64\release\htncore.obj
c:\users\umar\source\repos\c-python-simulation\htn planner moduler approach\x64\release\fileloader.obj
c:\users\umar\source\repos\c-python-simulation\htn planner moduler approach\x64\release\enums.obj
c:\users\umar\source\repos\c-python-simulation\htn planner moduler approach\x64\release\coordinatesystem.obj
c:\users\umar\source\repos\c-python-simulation\htn planner moduler approach\x64\release\button.obj
c:\users\umar\source\repos\c-python-simulation\htn planner moduler approach\x64\release\aircraft_simulation.obj
c:\users\umar\source\repos\c-python-simulation\htn planner moduler approach\x64\release\aircraft.obj
c:\users\umar\source\repos\c-python-simulation\x64\release\htn planner moduler approach.exe
c:\users\umar\source\repos\c-python-simulation\x64\release\htn planner moduler approach.pdb
c:\users\umar\source\repos\c-python-simulation\htn planner moduler approach\x64\release\htn planner moduler approach.res
c:\users\umar\source\repos\c-python-simulation\x64\release\htn planner moduler approach.lib
c:\users\umar\source\repos\c-python-simulation\x64\release\htn planner moduler approach.exp
c:\users\umar\source\repos\c-python-simulation\htn planner moduler approach\x64\release\htn planner moduler approach.ipdb
c:\users\umar\source\repos\c-python-simulation\htn planner moduler approach\x64\release\htn planner moduler approach.iobj
c:\users\umar\source\repos\c-python-simulation\htn planner moduler approach\x64\release\htn plan.5168f7c3.tlog\cl.command.1.tlog
c:\users\umar\source\repos\c-python-simulation\htn planner moduler approach\x64\release\htn plan.5168f7c3.tlog\cl.items.tlog
c:\users\umar\source\repos\c-python-simulation\htn planner moduler approach\x64\release\htn plan.5168f7c3.tlog\cl.read.1.tlog
c:\users\umar\source\repos\c-python-simulation\htn planner moduler approach\x64\release\htn plan.5168f7c3.tlog\cl.write.1.tlog
c:\users\umar\source\repos\c-python-simulation\htn planner moduler approach\x64\release\htn plan.5168f7c3.tlog\link.command.1.tlog
c:\users\umar\source\repos\c-python-simulation\htn planner moduler approach\x64\release\htn plan.5168f7c3.tlog\link.read.1.tlog
c:\users\umar\source\repos\c-python-simulation\htn planner moduler approach\x64\release\htn plan.5168f7c3.tlog\link.secondary.1.tlog
c:\users\umar\source\repos\c-python-simulation\htn planner moduler approach\x64\release\htn plan.5168f7c3.tlog\link.write.1.tlog
c:\users\umar\source\repos\c-python-simulation\htn planner moduler approach\x64\release\htn plan.5168f7c3.tlog\rc.command.1.tlog
c:\users\umar\source\repos\c-python-simulation\htn planner moduler approach\x64\release\htn plan.5168f7c3.tlog\rc.read.1.tlog
c:\users\umar\source\repos\c-python-simulation\htn planner moduler approach\x64\release\htn plan.5168f7c3.tlog\rc.write.1.tlog
