  RenderManager.cpp
C:\Users\umar\source\repos\C-python-simulation\HTN Planner Moduler approach\RenderManager.cpp(310,22): warning C4244: 'initializing': conversion from 'double' to 'float', possible loss of data
C:\Users\umar\source\repos\C-python-simulation\HTN Planner Moduler approach\RenderManager.cpp(311,23): warning C4244: 'initializing': conversion from 'double' to 'float', possible loss of data
C:\Users\umar\source\repos\C-python-simulation\HTN Planner Moduler approach\RenderManager.cpp(312,24): warning C4244: 'initializing': conversion from 'double' to 'float', possible loss of data
C:\Users\umar\source\repos\C-python-simulation\HTN Planner Moduler approach\RenderManager.cpp(315,15): warning C4244: 'initializing': conversion from 'float' to 'int', possible loss of data
C:\Users\umar\source\repos\C-python-simulation\HTN Planner Moduler approach\RenderManager.cpp(316,15): warning C4244: 'initializing': conversion from 'float' to 'int', possible loss of data
C:\Users\umar\source\repos\C-python-simulation\HTN Planner Moduler approach\RenderManager.cpp(317,16): warning C4244: 'initializing': conversion from 'float' to 'int', possible loss of data
C:\Users\umar\source\repos\C-python-simulation\HTN Planner Moduler approach\RenderManager.cpp(318,16): warning C4244: 'initializing': conversion from 'float' to 'int', possible loss of data
C:\Users\umar\source\repos\C-python-simulation\HTN Planner Moduler approach\RenderManager.cpp(332,19): warning C4244: 'initializing': conversion from 'float' to 'int', possible loss of data
C:\Users\umar\source\repos\C-python-simulation\HTN Planner Moduler approach\RenderManager.cpp(333,19): warning C4244: 'initializing': conversion from 'float' to 'int', possible loss of data
C:\Users\umar\source\repos\C-python-simulation\HTN Planner Moduler approach\RenderManager.cpp(334,19): warning C4244: 'initializing': conversion from 'float' to 'int', possible loss of data
C:\Users\umar\source\repos\C-python-simulation\HTN Planner Moduler approach\RenderManager.cpp(335,19): warning C4244: 'initializing': conversion from 'float' to 'int', possible loss of data
C:\Program Files\Microsoft Visual Studio\2022\Community\VC\Tools\MSVC\14.42.34433\include\utility(292,16): warning C4244: 'initializing': conversion from '_Ty' to '_Ty1', possible loss of data
C:\Program Files\Microsoft Visual Studio\2022\Community\VC\Tools\MSVC\14.42.34433\include\utility(292,16): warning C4244:         with
C:\Program Files\Microsoft Visual Studio\2022\Community\VC\Tools\MSVC\14.42.34433\include\utility(292,16): warning C4244:         [
C:\Program Files\Microsoft Visual Studio\2022\Community\VC\Tools\MSVC\14.42.34433\include\utility(292,16): warning C4244:             _Ty=float
C:\Program Files\Microsoft Visual Studio\2022\Community\VC\Tools\MSVC\14.42.34433\include\utility(292,16): warning C4244:         ]
C:\Program Files\Microsoft Visual Studio\2022\Community\VC\Tools\MSVC\14.42.34433\include\utility(292,16): warning C4244:         and
C:\Program Files\Microsoft Visual Studio\2022\Community\VC\Tools\MSVC\14.42.34433\include\utility(292,16): warning C4244:         [
C:\Program Files\Microsoft Visual Studio\2022\Community\VC\Tools\MSVC\14.42.34433\include\utility(292,16): warning C4244:             _Ty1=int
C:\Program Files\Microsoft Visual Studio\2022\Community\VC\Tools\MSVC\14.42.34433\include\utility(292,16): warning C4244:         ]
  (compiling source file 'RenderManager.cpp')
      C:\Program Files\Microsoft Visual Studio\2022\Community\VC\Tools\MSVC\14.42.34433\include\utility(292,16):
      the template instantiation context (the oldest one first) is
          C:\Users\umar\source\repos\C-python-simulation\HTN Planner Moduler approach\RenderManager.cpp(135,45):
          see reference to function template instantiation 'std::pair<int,int>::pair<float,float,0>(std::pair<float,float> &&) noexcept' being compiled
              C:\Users\umar\source\repos\C-python-simulation\HTN Planner Moduler approach\RenderManager.cpp(135,45):
              see the first reference to 'std::pair<int,int>::pair' in 'RenderManager::handleMouseEvent'
  
C:\Program Files\Microsoft Visual Studio\2022\Community\VC\Tools\MSVC\14.42.34433\include\utility(292,61): warning C4244: 'initializing': conversion from '_Ty' to '_Ty2', possible loss of data
C:\Program Files\Microsoft Visual Studio\2022\Community\VC\Tools\MSVC\14.42.34433\include\utility(292,61): warning C4244:         with
C:\Program Files\Microsoft Visual Studio\2022\Community\VC\Tools\MSVC\14.42.34433\include\utility(292,61): warning C4244:         [
C:\Program Files\Microsoft Visual Studio\2022\Community\VC\Tools\MSVC\14.42.34433\include\utility(292,61): warning C4244:             _Ty=float
C:\Program Files\Microsoft Visual Studio\2022\Community\VC\Tools\MSVC\14.42.34433\include\utility(292,61): warning C4244:         ]
C:\Program Files\Microsoft Visual Studio\2022\Community\VC\Tools\MSVC\14.42.34433\include\utility(292,61): warning C4244:         and
C:\Program Files\Microsoft Visual Studio\2022\Community\VC\Tools\MSVC\14.42.34433\include\utility(292,61): warning C4244:         [
C:\Program Files\Microsoft Visual Studio\2022\Community\VC\Tools\MSVC\14.42.34433\include\utility(292,61): warning C4244:             _Ty2=int
C:\Program Files\Microsoft Visual Studio\2022\Community\VC\Tools\MSVC\14.42.34433\include\utility(292,61): warning C4244:         ]
  (compiling source file 'RenderManager.cpp')
  
     Creating library C:\Users\umar\Source\Repos\C-python-simulation\x64\Release\HTN Planner Moduler approach.lib and object C:\Users\umar\Source\Repos\C-python-simulation\x64\Release\HTN Planner Moduler approach.exp
  Generating code
  0 of 3824 functions ( 0.0%) were compiled, the rest were copied from previous compilation.
    0 functions were new in current compilation
    0 functions had inline decision re-evaluated but remain unchanged
  Finished generating code
  HTN Planner Moduler approach.vcxproj -> C:\Users\umar\Source\Repos\C-python-simulation\x64\Release\HTN Planner Moduler approach.exe
  'pwsh.exe' is not recognized as an internal or external command,
  operable program or batch file.
